[debug] [2022-07-15T09:51:25.834Z] ----------------------------------------------------------------------
[debug] [2022-07-15T09:51:25.838Z] Command:       C:\Program Files\nodejs\node.exe C:\Users\Lenovo\AppData\Roaming\npm\node_modules\firebase-tools\lib\bin\firebase.js init
[debug] [2022-07-15T09:51:25.839Z] CLI Version:   11.2.2
[debug] [2022-07-15T09:51:25.839Z] Platform:      win32
[debug] [2022-07-15T09:51:25.839Z] Node Version:  v16.14.2
[debug] [2022-07-15T09:51:25.841Z] Time:          Fri Jul 15 2022 15:21:25 GMT+0530 (India Standard Time)
[debug] [2022-07-15T09:51:25.842Z] ----------------------------------------------------------------------
[debug] 
[debug] [2022-07-15T09:51:25.915Z] > command requires scopes: ["email","openid","https://www.googleapis.com/auth/cloudplatformprojects.readonly","https://www.googleapis.com/auth/firebase","https://www.googleapis.com/auth/cloud-platform"]
[debug] [2022-07-15T09:51:25.915Z] > authorizing via signed-in user (rishabhjha0@gmail.com)
[info] 
     ######## #### ########  ######## ########     ###     ######  ########
     ##        ##  ##     ## ##       ##     ##  ##   ##  ##       ##
     ######    ##  ########  ######   ########  #########  ######  ######
     ##        ##  ##    ##  ##       ##     ## ##     ##       ## ##
     ##       #### ##     ## ######## ########  ##     ##  ######  ########

You're about to initialize a Firebase project in this directory:

  C:\Users\Lenovo\Desktop\asramedicalandsurgicalsTest\EcommercsWithReactAndFirebase-main

Before we get started, keep in mind:

  * You are initializing within an existing Firebase project directory

[info] 
=== Project Setup
[info] 
[info] First, let's associate this project directory with a Firebase project.
[info] You can create multiple project aliases by running firebase use --add, 
[info] but for now we'll just set up a default project.
[info] 
[debug] [2022-07-15T09:51:31.113Z] Using project from CLI flag: asramedicalandsurgicalstest
[debug] [2022-07-15T09:51:31.116Z] >>> [apiv2][query] GET https://firebase.googleapis.com/v1beta1/projects/asramedicalandsurgicalstest [none]
[debug] [2022-07-15T09:51:32.529Z] <<< [apiv2][status] GET https://firebase.googleapis.com/v1beta1/projects/asramedicalandsurgicalstest 200
[debug] [2022-07-15T09:51:32.529Z] <<< [apiv2][body] GET https://firebase.googleapis.com/v1beta1/projects/asramedicalandsurgicalstest {"projectId":"asramedicalandsurgicalstest","projectNumber":"602416094259","displayName":"asramedicalandsurgicalstest","name":"projects/asramedicalandsurgicalstest","resources":{"hostingSite":"asramedicalandsurgicalstest","storageBucket":"asramedicalandsurgicalstest.appspot.com","locationId":"us-central"},"state":"ACTIVE"}
[info] i  Using project asramedicalandsurgicalstest (asramedicalandsurgicalstest) 
[info] 
=== Hosting:github Setup
[info] 
[info] i  Didn't detect a .git folder. Assuming C:\Users\Lenovo\Desktop\asramedicalandsurgicalsTest\EcommercsWithReactAndFirebase-main is the project root. 
[info] i  Authorizing with GitHub to upload your service account to a GitHub repository's secrets store. 
[info] 
[info] Visit this URL on this device to log in:
[info] https://github.com/login/oauth/authorize?client_id=89cf50f02ac6aaed3484&state=752443320&redirect_uri=http%3A%2F%2Flocalhost%3A9005&scope=read%3Auser%20repo%20public_repo
[info] 
[info] Waiting for authentication...
[debug] [2022-07-15T09:51:34.298Z] >>> [apiv2][query] POST https://github.com/login/oauth/access_token [none]
[debug] [2022-07-15T09:51:34.299Z] >>> [apiv2][body] POST https://github.com/login/oauth/access_token [stream]
[debug] [2022-07-15T09:51:35.177Z] <<< [apiv2][status] POST https://github.com/login/oauth/access_token 200
[debug] [2022-07-15T09:51:35.178Z] <<< [apiv2][body] POST https://github.com/login/oauth/access_token {"access_token":"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","token_type":"bearer","scope":"read:user,repo"}
[debug] [2022-07-15T09:51:35.201Z] >>> [apiv2][query] GET https://api.github.com/user [none]
[debug] [2022-07-15T09:51:36.099Z] <<< [apiv2][status] GET https://api.github.com/user 200
[debug] [2022-07-15T09:51:36.099Z] <<< [apiv2][body] GET https://api.github.com/user {"login":"rishabhjha12-hub","id":76894646,"node_id":"MDQ6VXNlcjc2ODk0NjQ2","avatar_url":"https://avatars.githubusercontent.com/u/76894646?v=4","gravatar_id":"","url":"https://api.github.com/users/rishabhjha12-hub","html_url":"https://github.com/rishabhjha12-hub","followers_url":"https://api.github.com/users/rishabhjha12-hub/followers","following_url":"https://api.github.com/users/rishabhjha12-hub/following{/other_user}","gists_url":"https://api.github.com/users/rishabhjha12-hub/gists{/gist_id}","starred_url":"https://api.github.com/users/rishabhjha12-hub/starred{/owner}{/repo}","subscriptions_url":"https://api.github.com/users/rishabhjha12-hub/subscriptions","organizations_url":"https://api.github.com/users/rishabhjha12-hub/orgs","repos_url":"https://api.github.com/users/rishabhjha12-hub/repos","events_url":"https://api.github.com/users/rishabhjha12-hub/events{/privacy}","received_events_url":"https://api.github.com/users/rishabhjha12-hub/received_events","type":"User","site_admin":false,"name":null,"company":null,"blog":"","location":null,"email":null,"hireable":null,"bio":null,"twitter_username":null,"public_repos":36,"public_gists":0,"followers":0,"following":0,"created_at":"2021-01-03T05:15:53Z","updated_at":"2022-07-06T18:31:03Z","private_gists":0,"total_private_repos":0,"owned_private_repos":0,"disk_usage":52774,"collaborators":0,"two_factor_authentication":false,"plan":{"name":"free","space":976562499,"collaborators":0,"private_repos":10000}}
[info] 
[info] +  Success! Logged into GitHub as rishabhjha12-hub 
[info] 
